<?xml version="1.0" encoding="UTF-8"?>
<testng-results ignored="0" total="1" passed="1" failed="0" skipped="0">
  <reporter-output>
    <line>
      <![CDATA[createOrgnizationWithOrgName....TestScript Exiecution Started]]>
    </line>
    <line>
      <![CDATA[createOrgnizationWithOrgName...>script executed successfullly]]>
    </line>
  </reporter-output>
  <suite started-at="2022-11-23T15:40:39 IST" name="Default suite" finished-at="2022-11-23T15:43:03 IST" duration-ms="144048">
    <groups>
    </groups>
    <test started-at="2022-11-23T15:40:39 IST" name="Default test" finished-at="2022-11-23T15:43:03 IST" duration-ms="144048">
      <class name="OrgnisationModule.CreateOrgnizationTest">
        <test-method is-config="true" signature="connectDB()[pri:0, instance:OrgnisationModule.CreateOrgnizationTest@4f209819]" started-at="2022-11-23T15:40:39 IST" name="connectDB" finished-at="2022-11-23T15:40:39 IST" duration-ms="205" status="PASS">
          <reporter-output>
          </reporter-output>
        </test-method> <!-- connectDB -->
        <test-method is-config="true" signature="openBroswer()[pri:0, instance:OrgnisationModule.CreateOrgnizationTest@4f209819]" started-at="2022-11-23T15:40:47 IST" name="openBroswer" finished-at="2022-11-23T15:41:32 IST" duration-ms="45740" status="PASS">
          <reporter-output>
          </reporter-output>
        </test-method> <!-- openBroswer -->
        <test-method is-config="true" signature="Login()[pri:0, instance:OrgnisationModule.CreateOrgnizationTest@4f209819]" started-at="2022-11-23T15:41:32 IST" name="Login" finished-at="2022-11-23T15:42:04 IST" duration-ms="32198" status="PASS">
          <reporter-output>
          </reporter-output>
        </test-method> <!-- Login -->
        <test-method signature="createOrgnizationWithOrgName()[pri:0, instance:OrgnisationModule.CreateOrgnizationTest@4f209819]" started-at="2022-11-23T15:42:04 IST" name="createOrgnizationWithOrgName" finished-at="2022-11-23T15:43:01 IST" duration-ms="56696" status="PASS">
          <reporter-output>
            <line>
              <![CDATA[createOrgnizationWithOrgName....TestScript Exiecution Started]]>
            </line>
            <line>
              <![CDATA[createOrgnizationWithOrgName...>script executed successfullly]]>
            </line>
          </reporter-output>
        </test-method> <!-- createOrgnizationWithOrgName -->
        <test-method is-config="true" signature="CloseBroswer()[pri:0, instance:OrgnisationModule.CreateOrgnizationTest@4f209819]" started-at="2022-11-23T15:43:01 IST" name="CloseBroswer" finished-at="2022-11-23T15:43:03 IST" duration-ms="1750" status="PASS">
          <reporter-output>
          </reporter-output>
        </test-method> <!-- CloseBroswer -->
      </class> <!-- OrgnisationModule.CreateOrgnizationTest -->
    </test> <!-- Default test -->
  </suite> <!-- Default suite -->
</testng-results>
